[debug] [2026-03-29T10:54:42.049Z] ----------------------------------------------------------------------
[debug] [2026-03-29T10:54:42.052Z] Command:       /usr/bin/node /usr/local/bin/firebase init
[debug] [2026-03-29T10:54:42.052Z] CLI Version:   15.12.0
[debug] [2026-03-29T10:54:42.053Z] Platform:      linux
[debug] [2026-03-29T10:54:42.053Z] Node Version:  v20.19.5
[debug] [2026-03-29T10:54:42.053Z] Time:          Sun Mar 29 2026 16:24:42 GMT+0530 (India Standard Time)
[debug] [2026-03-29T10:54:42.053Z] ----------------------------------------------------------------------
[debug] 
[info] 
     ######## #### ########  ######## ########     ###     ######  ########
     ##        ##  ##     ## ##       ##     ##  ##   ##  ##       ##
     ######    ##  ########  ######   ########  #########  ######  ######
     ##        ##  ##    ##  ##       ##     ## ##     ##       ## ##
     ##       #### ##     ## ######## ########  ##     ##  ######  ########

You're about to initialize a Firebase project in this directory:

  /home/Ayman/W-D/pillgaurd

[debug] [2026-03-29T10:54:45.146Z] ExitPromptError: User force closed the prompt with SIGINT
    at Interface.sigint (/usr/local/lib/node_modules/firebase-tools/node_modules/@inquirer/core/dist/commonjs/lib/create-prompt.js:101:37)
    at Interface.emit (node:events:524:28)
    at [_ttyWrite] [as _ttyWrite] (node:internal/readline/interface:1128:18)
    at ReadStream.onkeypress (node:internal/readline/interface:267:20)
    at ReadStream.emit (node:events:536:35)
    at emitKeys (node:internal/readline/utils:371:14)
    at emitKeys.next (<anonymous>)
    at ReadStream.onData (node:internal/readline/emitKeypressEvents:64:36)
    at ReadStream.emit (node:events:524:28)
    at addChunk (node:internal/streams/readable:561:12)
[error] 
[error] Error: An unexpected error has occurred.
